\BOOKMARK [0][-]{chapter.1}{Prerequisites}{}
\BOOKMARK [1][-]{section.1.1}{Numpy}{chapter.1}
\BOOKMARK [1][-]{section.1.2}{Scipy}{chapter.1}
\BOOKMARK [1][-]{section.1.3}{Python imaging library}{chapter.1}
\BOOKMARK [1][-]{section.1.4}{Mahotas and Pymorph}{chapter.1}
\BOOKMARK [0][-]{chapter.2}{AnalysisUtils}{}
\BOOKMARK [1][-]{section.2.1}{Compactness}{chapter.2}
\BOOKMARK [1][-]{section.2.2}{Order parameter}{chapter.2}
\BOOKMARK [1][-]{section.2.3}{Cell clusters}{chapter.2}
\BOOKMARK [1][-]{section.2.4}{Cell angles}{chapter.2}
\BOOKMARK [1][-]{section.2.5}{Mean squared displacement}{chapter.2}
\BOOKMARK [0][-]{chapter.3}{ImageUtils}{}
\BOOKMARK [0][-]{chapter.4}{Readers}{}
\BOOKMARK [0][-]{chapter.5}{CC3DPipeline}{}
\BOOKMARK [1][-]{section.5.1}{Pre-Processing}{chapter.5}
\BOOKMARK [1][-]{section.5.2}{Post-Processing}{chapter.5}
\BOOKMARK [0][-]{chapter.6}{Experiment}{}
\BOOKMARK [0][-]{chapter.7}{Indices and tables}{}
\BOOKMARK [0][-]{section*.59}{Python Module Index}{}
\BOOKMARK [0][-]{section*.60}{Index}{}
